[miwonsc.com/eng/index.html]
[backblue.gif]
[fade.gif]
[index.html]
[miwonsc.com/theme/basic/css/default6da1.css]
[miwonsc.com/theme/basic/css/design8fb3.css]
[miwonsc.com/theme/basic/css/animations6da1.css]
[miwonsc.com/theme/basic/css/responsive6da1.css]
[miwonsc.com/theme/basic/css/animate8fb3.css]
[use.fontawesome.com/releases/v5.7.2/css/all.css]
[code.jquery.com/jquery-1.12.4.js]
[code.jquery.com/jquery-migrate-1.4.1.min.js]
[miwonsc.com/js/jquery.menu3816.js]
[miwonsc.com/js/common3816.js]
[miwonsc.com/js/wrest3816.js]
[miwonsc.com/js/placeholders.min3816.js]
[miwonsc.com/js/jquery.bxslider3816.js]
[miwonsc.com/theme/basic/js/jquery.touchSlider3816.js]
[miwonsc.com/eng/Bookmark.html]
[miwonsc.com/eng/Company/company.html]
[miwonsc.com/img/mi_1d41d.png]
[miwonsc.com/eng/Market/electronics.html]
[miwonsc.com/eng/Market/graphic_arts.html]
[miwonsc.com/eng/Market/Industrial_coating.html]
[miwonsc.com/eng/Market/specialty.html]
[miwonsc.com/eng/Products/search.html]
[miwonsc.com/eng/Products/Monomer_1.html]
[miwonsc.com/eng/Products/Oligomer_1.html]
[miwonsc.com/eng/Products/Others_1.html]
[miwonsc.com/eng/Company/locationsd41d.html]
[miwonsc.com/eng/Sustainability/Sustainability.html]
[miwonsc.com/eng/Sustainability/environmental_protection.html]
[miwonsc.com/eng/Sustainability/energy.html]
[miwonsc.com/eng/Sustainability/health_safety.html]
[miwonsc.com/eng/Sustainability/SocialContribution.html]
[miwonsc.com/eng/Sustainability/quality.html]
[miwonsc.com/eng/Sustainability/Compliance.html]
[miwonsc.com/eng/service/contact.html]
[miwonsc.com/eng/Company/value.html]
[miwonsc.com/eng/Company/point.html]
[miwonsc.com/eng/Company/history.html]
[miwonsc.com/eng/Company/locations.html]
[miwonsc.com/data/file/main_bg/thumb-2077641158_RVeUPgX1_3eb0fb09908a84480c2381ae32adeb0863432675_1920x1080.jpg]
[miwonsc.com/eng/Company/affiliated.html]
[miwonsc.com/data/file/main_bg/thumb-2077641158_ZNEzbufe_ec7b696ac567c144a2169923dc9dcce23bf8d900_1920x1080.jpg]
[miwonsc.com/data/file/main_bg/thumb-2077641158_6Ky3v2GW_6077531a1fac71f458fcdeb3e36b5effc164ee77_1920x1080.jpg]
[miwonsc.com/data/file/eng_news/thumb-2077641158_7iKsMNAd_1825a277abdb2b19172d8b7b1fcaeef6f7715461_297x212011f.png]
[miwonsc.com/data/editor/2501/thumb-342b1a89e06f0db170119beda8aab0bf_1737588092_5852_297x2129b20.jpg]
[miwonsc.com/data/editor/2412/thumb-195ae075d07ee654b223fc6bda0be78e_1734332752_9901_297x21225d1.png]
[miwonsc.com/data/file/eng_news/thumb-2077641158_1uFs40fP_844aecb63af0f30c2d8a3a8a151f4aa79a8e3d4a_297x212011f.jpg]
[miwonsc.com/img/no_img9b20.png]
[miwonsc.com/data/file/eng_news/thumb-2077641158_Yz1wRtVj_a0f97993fd5a9efd0c20a4cf9eef7ddfb161ece2_297x21225d1.jpg]
[miwonsc.com/data/file/eng_event/thumb-2077641158_9B0Dg13h_15b190856ded72557c810ea339194af69ea5eec3_297x212011f.png]
[miwonsc.com/data/file/eng_event/thumb-2077641158_0nVfcITt_b3a37c67c7ba8753530cf3361e31c907972dc647_297x2129b20.jpg]
[miwonsc.com/data/editor/2405/thumb-73a9065a6930a0554ca780b498889b65_1715676070_5601_297x21225d1.png]
[miwonsc.com/data/file/sub_07/2084080241_R1dDyl2N_9632a4a44658a90ab149e62c68309011fd1ec99b.png]
[miwonsc.com/eng/index-2.html]
[miwonsc.com/img/require.png]
[miwonsc.com/theme/basic/js/css3-animate-it.js]
[miwonsc.com/img/linkdin.png]
[miwonsc.com/eng/service/Privacy_Statement.html]
[miwonsc.com/eng/index.html]
[miwonsc.com/js/wow.js]
[miwonsc.com/theme/basic/img/gnb_bg2.gif]
[miwonsc.com/img/captcha2.png]
[miwonsc.com/theme/basic/img/require.png]
[miwonsc.com/theme/basic/img/btn_first.gif]
[miwonsc.com/theme/basic/img/btn_prev.gif]
[miwonsc.com/theme/basic/img/btn_end.gif]
[miwonsc.com/theme/basic/img/btn_next.gif]
[miwonsc.com/theme/basic/css/default6da1.css]
[miwonsc.com/theme/basic/skin/latest/main_tab/style3816.html]
[miwonsc.com/theme/basic/img/btn_close.png]
[miwonsc.com/theme/basic/img/miwon1.png]
[miwonsc.com/theme/basic/img/miwon_20220811.png]
[miwonsc.com/theme/basic/img/show1.png]
[miwonsc.com/theme/basic/img/visual_pattern.png]
[miwonsc.com/theme/basic/img/show.png]
[miwonsc.com/theme/basic/img/181528_m.jpg]
[miwonsc.com/theme/basic/img/btn_more.png]
[miwonsc.com/theme/basic/img/btn_play.png]
[miwonsc.com/theme/basic/img/btn_pause.png]
[miwonsc.com/theme/basic/img/slide_left_b.png]
[miwonsc.com/theme/basic/img/slide_right_b.png]
[miwonsc.com/theme/basic/img/btn_more_b.png]
[miwonsc.com/theme/basic/img/2022sub01_top.png]
[miwonsc.com/theme/basic/img/2022sub02_top.png]
[miwonsc.com/theme/basic/img/2022sub03_top.png]
[miwonsc.com/theme/basic/img/2022sub04_top.png]
[miwonsc.com/theme/basic/img/2022sub05_top.png]
[miwonsc.com/theme/basic/img/display_sample.png]
[miwonsc.com/theme/basic/img/ink_sample.png]
[miwonsc.com/theme/basic/img/2022sub06_top.png]
[miwonsc.com/theme/basic/css/design8fb3.css]
[miwonsc.com/theme/basic/css/animations6da1.css]
[miwonsc.com/theme/basic/css/responsive6da1.css]
[miwonsc.com/theme/basic/css/animate8fb3.css]
[use.fontawesome.com/releases/v5.7.2/css/all.css]
[www.googletagmanager.com/gtm5445.html]
[miwonsc.com/theme/basic/css/default91e3.css]
[miwonsc.com/theme/basic/css/design5385.css]
[miwonsc.com/theme/basic/css/animations91e3.css]
[miwonsc.com/theme/basic/css/responsive91e3.css]
[miwonsc.com/theme/basic/css/animate5385.css]
[miwonsc.com/eng/Products/Monomer_1d41d.html]
[miwonsc.com/eng/Products/Oligomer_1d41d.html]
[miwonsc.com/eng/Products/Others_1d41d.html]
[miwonsc.com/eng/Bookmark.html]
[miwonsc.com/eng/Bookmarkd41d.html]
[miwonsc.com/data/file/top_bg/thumb-2077641158_X5taOFPo_a0ed371283cafe6c84b75162f2d1b291317ec25e_1920x1080.jpg]
[miwonsc.com/eng/Company/company9cbc.html]
[miwonsc.com/eng/Company/value9cbc.html]
[miwonsc.com/eng/Company/point9cbc.html]
[miwonsc.com/eng/Company/history9cbc.html]
[miwonsc.com/eng/Company/locations9cbc.html]
[miwonsc.com/data/file/sub_06/2077641158_HlGRbTKw_824b80390c0f0fe6c9d67225646d5abc1ff72837.jpg]
[miwonsc.com/eng/Company/company.html]
[miwonsc.com/eng/Company/affiliated9cbc.html]
[miwonsc.com/theme/basic/css/default37bc.css]
[miwonsc.com/theme/basic/css/design09b2.css]
[miwonsc.com/theme/basic/css/animations37bc.css]
[miwonsc.com/theme/basic/css/responsive37bc.css]
[miwonsc.com/theme/basic/css/animate09b2.css]
[miwonsc.com/data/file/top_bg/thumb-2077641158_xMDQBnts_84e68f27cc02bf1a3036a55581979c39b6d48db8_1920x1080.jpg]
[miwonsc.com/data/file/sub_01/thumb-2077641158_3NgcMGhU_4b4786151f09dc51edc9b2ce1f448468eda5b269_800x500.jpg]
[miwonsc.com/data/file/sub_01/thumb-2077641158_AWli8Pj6_d6ae6260563152523fa8188a825d8232667d5d34_800x500.jpg]
[miwonsc.com/eng/Market/electronics.html]
[miwonsc.com/data/file/top_bg/thumb-2077641158_LjBUy64w_aa11e57c464e8dec19c4757f450431e12d95f82c_1920x1080.jpg]
[miwonsc.com/data/file/sub_01/thumb-2077641158_Mt3SknpZ_a4586de11bfbfedc308b82f08909960441fcf229_800x500.jpg]
[miwonsc.com/data/file/sub_01/thumb-2077641158_p2qXe8Ar_fd63337334a085b66ef86242f10ae717f424eb65_800x500.jpg]
[miwonsc.com/data/file/sub_01/thumb-2077641158_LJKPjgRo_b367c7b9d9dc0d9dcb0d324fd67ff9b51a792208_800x500.jpg]
[miwonsc.com/eng/Market/graphic_arts.html]
[miwonsc.com/data/file/top_bg/thumb-2077641158_6287wRfS_54ee56e8a37448aab93a9dcf3415ec141c313c1f_1920x1080.jpg]
[miwonsc.com/data/file/sub_01/thumb-2077641158_wVK6CSIx_dba190a2d350ffc7666fd559033437a731744216_800x500.jpg]
[miwonsc.com/data/file/sub_01/thumb-2077641158_aMR9BkCg_b31134c1a6890333949632403f7c5a746c982fbf_800x500.jpg]
[miwonsc.com/data/file/sub_01/thumb-2077641158_IfgQ7mD3_3684f8eaa9f1b0aad4a94af3c8167b5d7b4dae5d_800x500.jpg]
[miwonsc.com/data/file/sub_01/thumb-2077641158_ysadrz4M_2cb158af9c6b82816825cdd1d74117b8b611dc7f_800x500.jpg]
[miwonsc.com/data/file/sub_01/thumb-2077641158_hYV16aSk_37fbbf84837941d787537ba257fe2a30c5c524b5_800x500.jpg]
[miwonsc.com/eng/Market/Industrial_coating.html]
[miwonsc.com/data/file/top_bg/thumb-2077641158_0itMGwaO_d47797b817ea78cd29f7c2cd879f22b980d6dd4e_1920x1080.jpg]
[miwonsc.com/data/file/sub_01/thumb-2077641158_2h8Y06QO_4a92549569ea19e85d0648a88759fe029a920f69_800x500.jpg]
[miwonsc.com/data/file/sub_01/thumb-2077641158_2senGDhF_5c653b49c8cc62649761348462b2f49600fbc7ab_800x500.jpg]
[miwonsc.com/data/file/sub_01/thumb-2077641158_1d8TREBU_b24b36104b67971a2b7b021bd9d72218ca10aea2_800x500.jpg]
[miwonsc.com/data/file/sub_01/thumb-2077641158_Rg6dcmkh_42a7993ac6fc47fb5cb1a9a34e415a9a4d7ecf53_800x500.jpg]
[miwonsc.com/eng/Market/specialty.html]
[miwonsc.com/theme/basic/css/default7744.css]
[miwonsc.com/theme/basic/css/design7f3a.css]
[miwonsc.com/theme/basic/css/animations7744.css]
[miwonsc.com/theme/basic/css/responsive7744.css]
[miwonsc.com/theme/basic/css/animate7f3a.css]
[cdnjs.cloudflare.com/ajax/libs/jquery/3.6.0/jquery.min.js]
[miwonsc.com/eng/Products/search.html]
[miwonsc.com/js/sc.js]
[miwonsc.com/data/file/top_bg/thumb-2077641158_hrFNe7oI_8e1d36e212e14b01b13103c01fd079be3d60933d_1920x1080.jpg]
[miwonsc.com/eng/Products/Monomer_1.html]
[miwonsc.com/eng/Products/Monomer_2d41d.html]
[miwonsc.com/data/file/top_bg/thumb-2077641158_wAPC6Ho1_1bf56c3358e30068390fceead0c95c52b64c4d6c_1920x1080.jpg]
[miwonsc.com/eng/Products/Oligomer_2d41d.html]
[miwonsc.com/eng/Products/Oligomer_3d41d.html]
[miwonsc.com/eng/Products/Oligomer_5d41d.html]
[miwonsc.com/eng/Products/Oligomer_1.html]
[miwonsc.com/eng/Products/Oligomer_4d41d.html]
[miwonsc.com/theme/basic/css/default6067.css]
[miwonsc.com/theme/basic/css/design4ab7.css]
[miwonsc.com/theme/basic/css/animations6067.css]
[miwonsc.com/theme/basic/css/responsive6067.css]
[miwonsc.com/theme/basic/css/animate4ab7.css]
[miwonsc.com/data/file/top_bg/thumb-2077641158_nXOcgQBS_c5b5864010c062319523b2fc2131ac4c88a34057_1920x1080.jpg]
[miwonsc.com/eng/Products/Others_1.html]
[miwonsc.com/eng/Products/Others_2d41d.html]
[miwonsc.com/eng/Company/locations_1d41d.html]
[miwonsc.com/eng/Company/locations_2f309.html]
[miwonsc.com/eng/Company/locations_3b33c.html]
[miwonsc.com/eng/Company/locations_48ffb.html]
[miwonsc.com/img/sub01img.png]
[miwonsc.com/data/file/sub_06/2077641158_sixPNXgl_5932c1330de90ce4fec81f262d19483432f0d61f.jpg]
[miwonsc.com/data/file/sub_06/2077641158_ufwFzxkr_e7aada2e1fd5023b6d7ff31f225776c5db5cedab.jpg]
[miwonsc.com/data/file/sub_06/2077641158_PLwkseDV_d8dc2f756819e20cae4f4690b42d7576d64fe29e.jpg]
[miwonsc.com/eng/Company/locationsd41d.html]
[miwonsc.com/data/file/top_bg/thumb-2077641158_7bHrc8yE_b39aa8747457c9b2c6fd1aeab6cb07ef6c47ad95_1920x1080.jpg]
[miwonsc.com/eng/Sustainability/Sustainabilityd41d.html]
[miwonsc.com/eng/Sustainability/environmental_protectiond41d.html]
[miwonsc.com/eng/Sustainability/energyd41d.html]
[miwonsc.com/eng/Sustainability/health_safetyd41d.html]
[miwonsc.com/eng/Sustainability/SocialContributiond41d.html]
[miwonsc.com/eng/Sustainability/qualityd41d.html]
[miwonsc.com/eng/Sustainability/Complianced41d.html]
[miwonsc.com/data/file/sub_02/2077641158_rgJfWe0K_b7673358e1b55c5cf9118e0b55f188cdb48c1ebb.png]
[miwonsc.com/data/file/sub_02/2077641158_D4javLT6_d6988c3fc732a69260310df99b71a0f633390ad9.png]
[miwonsc.com/data/file/sub_02/2077641158_a2MycF8k_4c9fdccecadac5e27b9972cc0529f2765628a1c6.png]
[miwonsc.com/eng/Sustainability/Sustainability.html]
[miwonsc.com/theme/basic/css/default71a7.css]
[miwonsc.com/theme/basic/css/designea3f.css]
[miwonsc.com/theme/basic/css/animations71a7.css]
[miwonsc.com/theme/basic/css/responsive71a7.css]
[miwonsc.com/theme/basic/css/animateea3f.css]
[miwonsc.com/data/file/top_bg/thumb-2077641158_XDvSlyKh_88d2b0ad7e688a167c5e64d99b0ef5e3f0d1a288_1920x1080.jpg]
[miwonsc.com/data/file/sub_02/2077641158_DJ7C9jYO_43e1350841d74e184f35aff32e42f294ae47f842.jpg]
[miwonsc.com/eng/Sustainability/environmental_protection.html]
[miwonsc.com/data/file/sub_02/2077641158_ZwoP0s5X_4865626e3f78a32bff834460b4dca9d36532b34c.jpg]
[miwonsc.com/eng/Sustainability/energy.html]
[miwonsc.com/theme/basic/css/default62d4.css]
[miwonsc.com/theme/basic/css/design1b68.css]
[miwonsc.com/theme/basic/css/animations62d4.css]
[miwonsc.com/theme/basic/css/responsive62d4.css]
[miwonsc.com/theme/basic/css/animate1b68.css]
[miwonsc.com/data/file/top_bg/thumb-2077641158_DTzIKNd6_f897cffd2ef469e779a61e8c0a6dd9b23ae13a9c_1920x1080.jpg]
[miwonsc.com/data/file/sub_02/2077641158_ESCZyHQe_37c96b75d044ffb88da03cc2d1bf355038af7d49.jpg]
[miwonsc.com/eng/Sustainability/health_safety.html]
[miwonsc.com/data/file/top_bg/thumb-975017411_LABeXCWx_adb3a48be70d24ada5f23ae91f2476f1efbde23a_1920x1080.jpg]
[miwonsc.com/data/file/sub_02/thumb-975016237_YOzLToi0_43935c99def81294f6a7d5697166243b9fead8e4_600x400.jpg]
[miwonsc.com/data/file/sub_02/thumb-975016237_SgxRpvPD_e9950b2c2890462046f71c326469d1331a63b611_600x400.jpg]
[miwonsc.com/data/file/sub_02/thumb-975016237_Xe1FDCuk_d64acc23ab6b651651a6fdb219ae9754bb719a66_600x400.jpg]
[miwonsc.com/data/file/sub_02/thumb-975016237_9rFfJ5jt_73399ab0b315e71a619dc1555b5b3ba390a37043_600x400.jpg]
[miwonsc.com/data/file/sub_02/thumb-975016237_RCGFbi8I_7c6b56fa6d2c91e89815cd6e0aa3e8913e3f8d50_600x400.png]
[miwonsc.com/data/file/sub_02/thumb-975016237_VTUv0zwx_4fa0c0b09e87d17091f1e4deb123392106211aaa_600x400.jpg]
[miwonsc.com/data/file/sub_02/thumb-975016237_VEIxa5Hh_fde15cb400fd3b1b1f7c06a4f1b2eb3936700b83_600x400.jpg]
[miwonsc.com/data/file/sub_02/thumb-975016237_XebhWB9o_74bbde626892378c7236868b655dcb99724fbbe6_600x400.jpg]
[miwonsc.com/data/file/sub_02/thumb-975016237_BEldDMk0_a86125e06e5997e1bc6c1d052a6a6355a1616d6c_600x400.jpg]
[miwonsc.com/data/file/sub_02/thumb-975016237_g83dWiuT_e30ed0b788759819c97deb07a8954e60914bb8e6_600x400.png]
[miwonsc.com/data/file/sub_02/thumb-975016237_er2YAWBV_1097a11977d8f8a02ec0c16cd3f661b9801f03d9_600x400.jpg]
[miwonsc.com/data/file/sub_02/thumb-975016237_fyELeKcx_0ca698f1254d530e14577f4497e0fc4217918a96_600x400.jpg]
[miwonsc.com/data/file/sub_02/thumb-975016237_YXDNVulW_4b28259107ef2731919096189e888e14d5ea36a0_600x400.jpg]
[miwonsc.com/data/file/sub_02/thumb-975016237_km79tfil_e98c0406648e836e92a8b56fe57f5bbf19effc17_600x400.jpg]
[miwonsc.com/data/file/sub_02/thumb-975016237_9VL1f5HC_a61fa71ee274cc913d56c3ead7b3a8955b48939b_600x400.jpg]
[miwonsc.com/eng/Sustainability/SocialContribution.html]
[miwonsc.com/data/file/top_bg/thumb-2077641158_Za93cseB_6913099b061011e2f32a90ff6dbc95b31f8d53e4_1920x1080.jpg]
[miwonsc.com/data/file/sub_02/2077641158_IJwvd67g_08f344e8768dbb8602bbeb40d1a2924531937088.jpg]
[miwonsc.com/eng/Sustainability/quality.html]
[miwonsc.com/theme/basic/css/defaultfdc7.css]
[miwonsc.com/theme/basic/css/design515f.css]
[miwonsc.com/theme/basic/css/animationsfdc7.css]
[miwonsc.com/theme/basic/css/responsivefdc7.css]
[miwonsc.com/theme/basic/css/animate515f.css]
[miwonsc.com/data/file/top_bg/thumb-2077641158_WCwckdOi_6a6bfe67dce94abc97a6ffd355327d3d9f1be1b0_1920x1080.jpg]
[miwonsc.com/eng/Sustainability/Compliance.html]
[miwonsc.com/data/file/top_bg/thumb-2077641158_wuxAk8bs_39a7382cbcf370635b58827eec37b6910672cc28_1920x1080.jpg]
[miwonsc.com/data/file/sub_05/2077641158_RaiOdn6z_83f502318713abf7970c7fa21187d8de587b0bf6.jpg]
[miwonsc.com/eng/service/contact.html]
[miwonsc.com/eng/Company/value.html]
[miwonsc.com/theme/basic/css/default8ece.css]
[miwonsc.com/theme/basic/css/design6952.css]
[miwonsc.com/theme/basic/css/animations8ece.css]
[miwonsc.com/theme/basic/css/responsive8ece.css]
[miwonsc.com/theme/basic/css/animate6952.css]
[miwonsc.com/data/file/sub_06/2077641158_AjaZvHL6_716e5423fe29b2bbf57ac677f81100d8284e8215.jpg]
[miwonsc.com/data/file/sub_06/2077641158_8oKqtAn3_1e730dee433eb0eda130d0c1630ab2b727042cb2.jpg]
[miwonsc.com/data/file/sub_06/2077641158_cRpJ5uON_c6cb88d5955722befeafbf46fa19bede3d71e41c.jpg]
[miwonsc.com/data/file/sub_06/2077641158_5hrye6KL_484b1ff8081cbe22919ab6c0ce28e16755ed6614.jpg]
[miwonsc.com/data/file/sub_06/2077641158_pFOojSZB_f0ef90d67b013b0b61638a5501f372c3b291c7be.jpg]
[miwonsc.com/data/file/sub_06/2077641158_PFl7sL4f_01361c1356e4ef2c07c9f3fa91a964235b2d4ef9.jpg]
[miwonsc.com/eng/Company/point.html]
[miwonsc.com/homeimg/history_line.gif]
[miwonsc.com/homeimg/history_line2.gif]
[miwonsc.com/homeimg/history_dot.gif]
[miwonsc.com/eng/Company/historyd41d.html]
[miwonsc.com/data/file/sub_06_01/thumb-2077641158_pvy7RiLE_1711661709865267d8c5be346a87517d652646f1_800x500.jpg]
[miwonsc.com/data/file/sub_06_01/thumb-2077641158_9tk8Rqj3_6edb71b52d6fdcd5fab2c4709ffb79eeb93fe808_800x500.jpg]
[miwonsc.com/data/file/sub_06_01/thumb-2077641158_JFPMkZN6_cfb843e0a4011849bee8f39d83058edc58899e06_800x500.jpg]
[miwonsc.com/data/file/sub_06_01/thumb-2077641158_KV2yU3cz_3bedcf3ee3d68395aafeb9c67e2c2a712c9bb730_800x500.jpg]
[miwonsc.com/data/file/sub_06_01/thumb-2077641158_07zXlH5C_6f15d05c5cfc6837fdb58d18e13e8b539d798d50_800x500.png]
[miwonsc.com/data/file/sub_06_01/thumb-2077641158_kzvDS4sE_f185a7f32888b55fdba48204382d41739679db04_800x500.jpg]
[miwonsc.com/data/file/sub_06_01/thumb-2077641158_B8djYI3N_abc4429bbd3cf697602aa318fec1cb4ed9fa35d8_800x500.jpg]
[miwonsc.com/data/file/sub_06_01/thumb-2077641158_HTG8AhlZ_97ca9b256d54ac30c78fe382cc190c921c26e2ac_800x500.jpg]
[miwonsc.com/data/file/sub_06_01/thumb-2077641158_8lwZ6L1X_2a09d6734a75959c13896b921af86028d6caccce_800x500.jpg]
[miwonsc.com/eng/Company/history.html]
[miwonsc.com/eng/Company/locations.html]
[miwonsc.com/theme/basic/css/defaultb21d.css]
[miwonsc.com/theme/basic/css/designf712.css]
[miwonsc.com/theme/basic/css/animationsb21d.css]
[miwonsc.com/theme/basic/css/responsiveb21d.css]
[miwonsc.com/theme/basic/css/animatef712.css]
[miwonsc.com/data/file/sub_06/2077641158_j5NvetQU_40d9fb9b2a01c22b3e252ffbfa5b496a3f63cf48.jpg]
[miwonsc.com/data/file/sub_06/2077641158_oxjq6Hr7_14d0db26bac68941aa7c3dd8852f3a18bb9ba46f.jpg]
[miwonsc.com/data/file/sub_06/2077641158_PxAOI9Ql_20fa2c86de5f752ffc8458e3a729e9c1cd2e83b2.jpg]
[miwonsc.com/data/file/sub_06/2077641158_kswX8hH9_6712b681b34342fb92a119b13d50106dad7a1717.jpg]
[miwonsc.com/data/file/sub_06/2077641158_Pp6doINj_d17c3ddebf70b5f769432cffa206f42de4ef6167.jpg]
[miwonsc.com/data/file/sub_06/2077641158_0glreMhk_6ce302829d0c196721495448eefa78c12458d59b.jpg]
[miwonsc.com/data/file/sub_06/2077641158_o69ysbIw_65724aa821968d873a01e123a93c097277fc5168.jpg]
[miwonsc.com/eng/Company/affiliated.html]
[miwonsc.com/theme/basic/css/default259f.css]
[miwonsc.com/theme/basic/css/designaf82.css]
[miwonsc.com/theme/basic/css/animations259f.css]
[miwonsc.com/theme/basic/css/responsive259f.css]
[miwonsc.com/eng/index-2.html]
[miwonsc.com/theme/basic/css/animateaf82.css]
[miwonsc.com/theme/basic/css/default8217.css]
[miwonsc.com/theme/basic/css/design26ea.css]
[miwonsc.com/theme/basic/css/animations8217.css]
[miwonsc.com/theme/basic/css/responsive8217.css]
[miwonsc.com/theme/basic/css/animate26ea.css]
[miwonsc.com/eng/service/Privacy_Statementd41d.html]
[miwonsc.com/img/step_arrow_right.png]
[miwonsc.com/eng/service/Privacy_Statement.html]
[fonts.googleapis.com/earlyaccess/nanumgothic.css]
[miwonsc.com/theme/basic/css/default91e3.css]
[miwonsc.com/theme/basic/css/design5385.css]
[miwonsc.com/theme/basic/css/animations91e3.css]
[miwonsc.com/theme/basic/css/responsive91e3.css]
[miwonsc.com/theme/basic/css/animate5385.css]
[miwonsc.com/theme/basic/css/default290f.css]
[miwonsc.com/theme/basic/css/design456f.css]
[miwonsc.com/theme/basic/css/animations290f.css]
[miwonsc.com/theme/basic/css/responsive290f.css]
[miwonsc.com/eng/Products/Monomer_1d41d.html]
[miwonsc.com/eng/Products/Oligomer_1d41d.html]
[miwonsc.com/eng/Products/Others_1d41d.html]
[miwonsc.com/theme/basic/css/animate456f.css]
[miwonsc.com/theme/basic/css/default0ed0.css]
[miwonsc.com/theme/basic/css/design9011.css]
[miwonsc.com/theme/basic/css/animations0ed0.css]
[miwonsc.com/theme/basic/css/responsive0ed0.css]
[miwonsc.com/eng/Bookmarkd41d.html]
[miwonsc.com/theme/basic/css/animate9011.css]
[miwonsc.com/theme/basic/css/defaultccbe.css]
[miwonsc.com/theme/basic/css/designd0d9.css]
[miwonsc.com/theme/basic/css/animationsccbe.css]
[miwonsc.com/theme/basic/css/responsiveccbe.css]
[miwonsc.com/eng/Company/company9cbc.html]
[miwonsc.com/eng/Company/value9cbc.html]
[miwonsc.com/eng/Company/point9cbc.html]
[miwonsc.com/eng/Company/history9cbc.html]
[miwonsc.com/theme/basic/css/animated0d9.css]
[miwonsc.com/theme/basic/css/default3c8c.css]
[miwonsc.com/theme/basic/css/design11bf.css]
[miwonsc.com/theme/basic/css/animations3c8c.css]
[miwonsc.com/theme/basic/css/responsive3c8c.css]
[miwonsc.com/eng/Company/locations9cbc.html]
[miwonsc.com/eng/Company/affiliated9cbc.html]
[miwonsc.com/theme/basic/css/default37bc.css]
[miwonsc.com/theme/basic/css/design09b2.css]
[miwonsc.com/theme/basic/css/animations37bc.css]
[miwonsc.com/theme/basic/css/responsive37bc.css]
[miwonsc.com/theme/basic/css/animate09b2.css]
[miwonsc.com/theme/basic/css/default7744.css]
[miwonsc.com/theme/basic/css/design7f3a.css]
[miwonsc.com/theme/basic/css/animations7744.css]
[miwonsc.com/theme/basic/css/responsive7744.css]
[miwonsc.com/theme/basic/css/animate7f3a.css]
[miwonsc.com/theme/basic/css/animate11bf.css]
[miwonsc.com/theme/basic/css/default7c14.css]
[miwonsc.com/theme/basic/css/design1d8c.css]
[miwonsc.com/theme/basic/css/animations7c14.css]
[miwonsc.com/theme/basic/css/responsive7c14.css]
[miwonsc.com/theme/basic/css/animate1d8c.css]
[miwonsc.com/eng/Products/Monomer_2d41d.html]
[miwonsc.com/eng/Products/Monomer_2.html]
[miwonsc.com/theme/basic/css/default4dcb.css]
[miwonsc.com/theme/basic/css/designf3f5.css]
[miwonsc.com/theme/basic/css/animations4dcb.css]
[miwonsc.com/theme/basic/css/responsive4dcb.css]
[miwonsc.com/theme/basic/css/animatef3f5.css]
[miwonsc.com/eng/Products/Oligomer_2d41d.html]
[miwonsc.com/eng/Products/Oligomer_2.html]
[miwonsc.com/eng/Products/Oligomer_3d41d.html]
[miwonsc.com/eng/Products/Oligomer_3.html]
[miwonsc.com/theme/basic/css/default8fde.css]
[miwonsc.com/theme/basic/css/designd08b.css]
[miwonsc.com/theme/basic/css/animations8fde.css]
[miwonsc.com/theme/basic/css/responsive8fde.css]
[miwonsc.com/theme/basic/css/animated08b.css]
[miwonsc.com/eng/Products/Oligomer_5d41d.html]
[miwonsc.com/eng/Products/Oligomer_5.html]
[miwonsc.com/eng/Products/Oligomer_4d41d.html]
[miwonsc.com/theme/basic/css/default6067.css]
[miwonsc.com/theme/basic/css/design4ab7.css]
[miwonsc.com/theme/basic/css/animations6067.css]
[miwonsc.com/theme/basic/css/responsive6067.css]
[miwonsc.com/theme/basic/css/animate4ab7.css]
[miwonsc.com/eng/Products/Oligomer_4.html]
[miwonsc.com/theme/basic/css/defaulte0c5.css]
[miwonsc.com/theme/basic/css/design195b.css]
[miwonsc.com/theme/basic/css/animationse0c5.css]
[miwonsc.com/theme/basic/css/responsivee0c5.css]
[miwonsc.com/theme/basic/css/animate195b.css]
[miwonsc.com/eng/Products/Others_2d41d.html]
[miwonsc.com/eng/Products/Others_2.html]
[miwonsc.com/theme/basic/css/defaultd0c1.css]
[miwonsc.com/theme/basic/css/design7554.css]
[miwonsc.com/theme/basic/css/animationsd0c1.css]
[miwonsc.com/theme/basic/css/responsived0c1.css]
[miwonsc.com/theme/basic/css/animate7554.css]
[miwonsc.com/img/sub02img.png]
[miwonsc.com/data/file/sub_06/2077641158_WrLu7cd0_5c2a42c7b30981b1c8e1dd2e2f3f1b16e947ef4e.jpg]
[miwonsc.com/eng/Company/locations_1d41d.html]
[miwonsc.com/eng/Company/locations_1.html]
[miwonsc.com/img/sub03img.png]
[miwonsc.com/data/file/sub_06/2077641158_vUKVxnmT_06f234a0d0d64e65a6ef2a1007f1443971586b37.jpg]
[miwonsc.com/data/file/sub_06/2077641158_5JFnNBWj_318ae97a79e7931e58671f7e0f016cb7dec5f45f.jpg]
[miwonsc.com/eng/Company/locations_2f309.html]
[miwonsc.com/eng/Company/locations_2.html]
[miwonsc.com/img/sub04img.png]
[miwonsc.com/data/file/sub_06/2077641158_Z2wuYnSe_4fb2f58d738f4aab73f173521cac678cd944dc06.jpg]
[miwonsc.com/eng/AGB EN_rev.pdf]
[miwonsc.com/data/file/sub_06/2077641158_1kGva3TM_d0448eab91cb088f4f896431a2b39f7f498ea4a6.png]
[miwonsc.com/data/file/sub_06/2077641158_c5ja8EZ2_eda3fd81cc6c21bac329764cc9f82c3d299c8d4c.jpg]
[miwonsc.com/eng/Company/locations_3b33c.html]
[miwonsc.com/eng/Company/locations_3.html]
[miwonsc.com/theme/basic/css/defaulte020.css]
[miwonsc.com/theme/basic/css/design6a9b.css]
[miwonsc.com/theme/basic/css/animationse020.css]
[miwonsc.com/theme/basic/css/responsivee020.css]
[miwonsc.com/theme/basic/css/animate6a9b.css]
[miwonsc.com/img/sub05img.png]
[miwonsc.com/data/file/sub_06/2077641158_qPGO9pUR_9d9d1c384a8a40e36c0cfef812799f3bf15be92b.jpg]
[miwonsc.com/data/file/sub_06/2077641158_IEch5TaN_996397fe3f49b5d3f05c31d37789a480b155a7da.jpg]
[miwonsc.com/data/file/sub_06/2077641158_EqO3r6hF_059adf903201cb840cb011cdd1bfc78225696e13.jpg]
[miwonsc.com/eng/Company/locations_48ffb.html]
[miwonsc.com/eng/Company/locations_4.html]
[miwonsc.com/theme/basic/css/default54d9.css]
[miwonsc.com/theme/basic/css/designf158.css]
[miwonsc.com/theme/basic/css/animations54d9.css]
[miwonsc.com/theme/basic/css/responsive54d9.css]
[miwonsc.com/eng/Sustainability/Sustainabilityd41d.html]
[miwonsc.com/eng/Sustainability/environmental_protectiond41d.html]
[miwonsc.com/theme/basic/css/animatef158.css]
[miwonsc.com/theme/basic/css/default98a2.css]
[miwonsc.com/theme/basic/css/design559b.css]
[miwonsc.com/theme/basic/css/animations98a2.css]
[miwonsc.com/theme/basic/css/responsive98a2.css]
[miwonsc.com/eng/Sustainability/energyd41d.html]
[miwonsc.com/eng/Sustainability/health_safetyd41d.html]
[miwonsc.com/eng/Sustainability/SocialContributiond41d.html]
[miwonsc.com/theme/basic/css/animate559b.css]
[miwonsc.com/theme/basic/css/defaultf3b0.css]
[miwonsc.com/theme/basic/css/design15d0.css]
[miwonsc.com/theme/basic/css/animationsf3b0.css]
[miwonsc.com/theme/basic/css/responsivef3b0.css]
[miwonsc.com/eng/Sustainability/qualityd41d.html]
[miwonsc.com/eng/Sustainability/Complianced41d.html]
[miwonsc.com/theme/basic/css/default71a7.css]
[miwonsc.com/theme/basic/css/designea3f.css]
[miwonsc.com/theme/basic/css/animations71a7.css]
[miwonsc.com/theme/basic/css/responsive71a7.css]
[miwonsc.com/theme/basic/css/animateea3f.css]
[miwonsc.com/theme/basic/css/default62d4.css]
[miwonsc.com/theme/basic/css/design1b68.css]
[miwonsc.com/theme/basic/css/animations62d4.css]
[miwonsc.com/theme/basic/css/responsive62d4.css]
[miwonsc.com/theme/basic/css/animate1b68.css]
[miwonsc.com/theme/basic/css/defaultfdc7.css]
[miwonsc.com/theme/basic/css/design515f.css]
[miwonsc.com/theme/basic/css/animationsfdc7.css]
[miwonsc.com/theme/basic/css/responsivefdc7.css]
[miwonsc.com/theme/basic/css/animate515f.css]
[miwonsc.com/theme/basic/css/default8ece.css]
[miwonsc.com/theme/basic/css/design6952.css]
[miwonsc.com/theme/basic/css/animations8ece.css]
[miwonsc.com/theme/basic/css/responsive8ece.css]
[miwonsc.com/theme/basic/css/animate6952.css]
[miwonsc.com/homeimg/history_top.html]
[miwonsc.com/theme/basic/css/animate15d0.css]
[miwonsc.com/theme/basic/css/default5425.css]
[miwonsc.com/theme/basic/css/design8ab2.css]
[miwonsc.com/theme/basic/css/animations5425.css]
[miwonsc.com/theme/basic/css/responsive5425.css]
[miwonsc.com/eng/Company/historyd41d.html]
[miwonsc.com/theme/basic/css/defaultb21d.css]
[miwonsc.com/theme/basic/css/designf712.css]
[miwonsc.com/theme/basic/css/animationsb21d.css]
[miwonsc.com/theme/basic/css/responsiveb21d.css]
[miwonsc.com/theme/basic/css/animatef712.css]
[miwonsc.com/theme/basic/css/default259f.css]
[miwonsc.com/theme/basic/css/designaf82.css]
[miwonsc.com/theme/basic/css/animations259f.css]
[miwonsc.com/theme/basic/css/responsive259f.css]
[miwonsc.com/theme/basic/css/animateaf82.css]
[miwonsc.com/theme/basic/css/default8217.css]
[miwonsc.com/theme/basic/css/design26ea.css]
[miwonsc.com/theme/basic/css/animations8217.css]
[miwonsc.com/theme/basic/css/responsive8217.css]
[miwonsc.com/theme/basic/css/animate26ea.css]
[miwonsc.com/theme/basic/css/animate8ab2.css]
[miwonsc.com/theme/basic/css/defaultdf3b.css]
[miwonsc.com/theme/basic/css/design616a.css]
[miwonsc.com/theme/basic/css/animationsdf3b.css]
[miwonsc.com/theme/basic/css/responsivedf3b.css]
[miwonsc.com/eng/service/Privacy_Statementd41d.html]
[miwonsc.com/theme/basic/css/default290f.css]
[miwonsc.com/theme/basic/css/design456f.css]
[miwonsc.com/theme/basic/css/animations290f.css]
[miwonsc.com/theme/basic/css/responsive290f.css]
[miwonsc.com/theme/basic/css/animate456f.css]
[miwonsc.com/theme/basic/css/default0ed0.css]
[miwonsc.com/theme/basic/css/design9011.css]
[miwonsc.com/theme/basic/css/animations0ed0.css]
[miwonsc.com/theme/basic/css/responsive0ed0.css]
[miwonsc.com/theme/basic/css/animate9011.css]
[miwonsc.com/theme/basic/css/defaultccbe.css]
[miwonsc.com/theme/basic/css/designd0d9.css]
[miwonsc.com/theme/basic/css/animationsccbe.css]
[miwonsc.com/theme/basic/css/responsiveccbe.css]
[miwonsc.com/theme/basic/css/animated0d9.css]
[miwonsc.com/theme/basic/css/default3c8c.css]
[miwonsc.com/theme/basic/css/design11bf.css]
[miwonsc.com/theme/basic/css/animations3c8c.css]
[miwonsc.com/theme/basic/css/responsive3c8c.css]
[miwonsc.com/theme/basic/css/animate11bf.css]
[miwonsc.com/theme/basic/css/default7c14.css]
[miwonsc.com/theme/basic/css/design1d8c.css]
[miwonsc.com/theme/basic/css/animations7c14.css]
[miwonsc.com/theme/basic/css/responsive7c14.css]
[miwonsc.com/theme/basic/css/animate1d8c.css]
[miwonsc.com/theme/basic/css/animate616a.css]
[miwonsc.com/theme/basic/css/defaultee4a.css]
[miwonsc.com/theme/basic/css/design47d7.css]
[miwonsc.com/theme/basic/css/animationsee4a.css]
[miwonsc.com/theme/basic/css/responsiveee4a.css]
[miwonsc.com/eng/Products/Monomer_2.html]
[miwonsc.com/theme/basic/css/default4dcb.css]
[miwonsc.com/theme/basic/css/designf3f5.css]
[miwonsc.com/theme/basic/css/animations4dcb.css]
[miwonsc.com/theme/basic/css/responsive4dcb.css]
[miwonsc.com/theme/basic/css/animatef3f5.css]
[miwonsc.com/theme/basic/css/animate47d7.css]
[miwonsc.com/theme/basic/css/default0a9b.css]
[miwonsc.com/theme/basic/css/design1457.css]
[miwonsc.com/theme/basic/css/animations0a9b.css]
[miwonsc.com/theme/basic/css/responsive0a9b.css]
[miwonsc.com/eng/Products/Oligomer_2.html]
[miwonsc.com/theme/basic/css/animate1457.css]
[miwonsc.com/theme/basic/css/defaulte113.css]
[miwonsc.com/theme/basic/css/designa4b7.css]
[miwonsc.com/theme/basic/css/animationse113.css]
[miwonsc.com/theme/basic/css/responsivee113.css]
[miwonsc.com/eng/Products/Oligomer_3.html]
[miwonsc.com/theme/basic/css/default8fde.css]
[miwonsc.com/theme/basic/css/designd08b.css]
[miwonsc.com/theme/basic/css/animations8fde.css]
[miwonsc.com/theme/basic/css/responsive8fde.css]
[miwonsc.com/theme/basic/css/animated08b.css]
[miwonsc.com/theme/basic/css/animatea4b7.css]
[miwonsc.com/theme/basic/css/default62fd.css]
[miwonsc.com/theme/basic/css/designaed5.css]
[miwonsc.com/theme/basic/css/animations62fd.css]
[miwonsc.com/theme/basic/css/responsive62fd.css]
[miwonsc.com/eng/Products/Oligomer_5.html]
[miwonsc.com/theme/basic/css/animateaed5.css]
[miwonsc.com/theme/basic/css/default262a.css]
[miwonsc.com/theme/basic/css/design21c9.css]
[miwonsc.com/theme/basic/css/animations262a.css]
[miwonsc.com/theme/basic/css/responsive262a.css]
[miwonsc.com/eng/Products/Oligomer_4.html]
[miwonsc.com/theme/basic/css/defaulte0c5.css]
[miwonsc.com/theme/basic/css/design195b.css]
[miwonsc.com/theme/basic/css/animationse0c5.css]
[miwonsc.com/theme/basic/css/responsivee0c5.css]
[miwonsc.com/theme/basic/css/animate195b.css]
[miwonsc.com/theme/basic/css/animate21c9.css]
[miwonsc.com/theme/basic/css/defaultb41b.css]
[miwonsc.com/theme/basic/css/designb310.css]
[miwonsc.com/theme/basic/css/animationsb41b.css]
[miwonsc.com/theme/basic/css/responsiveb41b.css]
[miwonsc.com/eng/Products/Others_2.html]
[miwonsc.com/theme/basic/css/defaultd0c1.css]
[miwonsc.com/theme/basic/css/design7554.css]
[miwonsc.com/theme/basic/css/animationsd0c1.css]
[miwonsc.com/theme/basic/css/responsived0c1.css]
[miwonsc.com/theme/basic/css/animate7554.css]
[miwonsc.com/theme/basic/css/animateb310.css]
[miwonsc.com/theme/basic/css/default51a9.css]
[miwonsc.com/theme/basic/css/design2808.css]
[miwonsc.com/theme/basic/css/animations51a9.css]
[miwonsc.com/theme/basic/css/responsive51a9.css]
[miwonsc.com/eng/Company/locations_1.html]
[miwonsc.com/theme/basic/css/animate2808.css]
[miwonsc.com/theme/basic/css/default8e01.css]
[miwonsc.com/theme/basic/css/design0b19.css]
[miwonsc.com/theme/basic/css/animations8e01.css]
[miwonsc.com/theme/basic/css/responsive8e01.css]
[miwonsc.com/eng/Company/locations_2.html]
[miwonsc.com/theme/basic/css/animate0b19.css]
[miwonsc.com/theme/basic/css/default602f.css]
[miwonsc.com/theme/basic/css/design5f91.css]
[miwonsc.com/theme/basic/css/animations602f.css]
[miwonsc.com/theme/basic/css/responsive602f.css]
[miwonsc.com/eng/Company/locations_3.html]
[miwonsc.com/theme/basic/css/defaulte020.css]
[miwonsc.com/theme/basic/css/design6a9b.css]
[miwonsc.com/theme/basic/css/animationse020.css]
[miwonsc.com/theme/basic/css/responsivee020.css]
[miwonsc.com/theme/basic/css/animate6a9b.css]
[miwonsc.com/theme/basic/css/animate5f91.css]
[miwonsc.com/theme/basic/css/defaultce0e.css]
[miwonsc.com/theme/basic/css/design0f62.css]
[miwonsc.com/theme/basic/css/animationsce0e.css]
[miwonsc.com/theme/basic/css/responsivece0e.css]
[miwonsc.com/eng/Company/locations_4.html]
[miwonsc.com/theme/basic/css/default54d9.css]
[miwonsc.com/theme/basic/css/designf158.css]
[miwonsc.com/theme/basic/css/animations54d9.css]
[miwonsc.com/theme/basic/css/responsive54d9.css]
[miwonsc.com/theme/basic/css/animatef158.css]
[miwonsc.com/theme/basic/css/default98a2.css]
[miwonsc.com/theme/basic/css/design559b.css]
[miwonsc.com/theme/basic/css/animations98a2.css]
[miwonsc.com/theme/basic/css/responsive98a2.css]
[miwonsc.com/theme/basic/css/animate559b.css]
[miwonsc.com/theme/basic/css/defaultf3b0.css]
[miwonsc.com/theme/basic/css/design15d0.css]
[miwonsc.com/theme/basic/css/animationsf3b0.css]
[miwonsc.com/theme/basic/css/responsivef3b0.css]
[miwonsc.com/theme/basic/css/animate15d0.css]
[miwonsc.com/theme/basic/css/default5425.css]
[miwonsc.com/theme/basic/css/design8ab2.css]
[miwonsc.com/theme/basic/css/animations5425.css]
[miwonsc.com/theme/basic/css/responsive5425.css]
[miwonsc.com/theme/basic/css/animate8ab2.css]
[miwonsc.com/theme/basic/css/defaultdf3b.css]
[miwonsc.com/theme/basic/css/design616a.css]
[miwonsc.com/theme/basic/css/animationsdf3b.css]
[miwonsc.com/theme/basic/css/responsivedf3b.css]
[miwonsc.com/theme/basic/css/animate616a.css]
[miwonsc.com/theme/basic/css/defaultee4a.css]
[miwonsc.com/theme/basic/css/design47d7.css]
[miwonsc.com/theme/basic/css/animationsee4a.css]
[miwonsc.com/theme/basic/css/responsiveee4a.css]
[miwonsc.com/theme/basic/css/animate47d7.css]
[miwonsc.com/theme/basic/css/default0a9b.css]
[miwonsc.com/theme/basic/css/design1457.css]
[miwonsc.com/theme/basic/css/animations0a9b.css]
[miwonsc.com/theme/basic/css/responsive0a9b.css]
[miwonsc.com/theme/basic/css/animate1457.css]
[miwonsc.com/theme/basic/css/defaulte113.css]
[miwonsc.com/theme/basic/css/designa4b7.css]
[miwonsc.com/theme/basic/css/animationse113.css]
[miwonsc.com/theme/basic/css/responsivee113.css]
[miwonsc.com/theme/basic/css/animatea4b7.css]
[miwonsc.com/theme/basic/css/default62fd.css]
[miwonsc.com/theme/basic/css/designaed5.css]
[miwonsc.com/theme/basic/css/animations62fd.css]
[miwonsc.com/theme/basic/css/responsive62fd.css]
[miwonsc.com/theme/basic/css/animateaed5.css]
[miwonsc.com/theme/basic/css/default262a.css]
[miwonsc.com/theme/basic/css/design21c9.css]
[miwonsc.com/theme/basic/css/animations262a.css]
[miwonsc.com/theme/basic/css/responsive262a.css]
[miwonsc.com/theme/basic/css/animate21c9.css]
[miwonsc.com/theme/basic/css/defaultb41b.css]
[miwonsc.com/theme/basic/css/designb310.css]
[miwonsc.com/theme/basic/css/animationsb41b.css]
[miwonsc.com/theme/basic/css/responsiveb41b.css]
[miwonsc.com/theme/basic/css/animateb310.css]
[miwonsc.com/theme/basic/css/default51a9.css]
[miwonsc.com/theme/basic/css/design2808.css]
[miwonsc.com/theme/basic/css/animations51a9.css]
[miwonsc.com/theme/basic/css/responsive51a9.css]
[miwonsc.com/theme/basic/css/animate2808.css]
[miwonsc.com/theme/basic/css/default8e01.css]
[miwonsc.com/theme/basic/css/design0b19.css]
[miwonsc.com/theme/basic/css/animations8e01.css]
[miwonsc.com/theme/basic/css/responsive8e01.css]
[miwonsc.com/theme/basic/css/animate0b19.css]
[miwonsc.com/theme/basic/css/default602f.css]
[miwonsc.com/theme/basic/css/design5f91.css]
[miwonsc.com/theme/basic/css/animations602f.css]
[miwonsc.com/theme/basic/css/responsive602f.css]
[miwonsc.com/theme/basic/css/animate5f91.css]
[miwonsc.com/theme/basic/css/defaultce0e.css]
[miwonsc.com/theme/basic/css/design0f62.css]
[miwonsc.com/theme/basic/css/animationsce0e.css]
[miwonsc.com/theme/basic/css/responsivece0e.css]
[miwonsc.com/theme/basic/css/animate0f62.css]
[miwonsc.com/theme/basic/css/animate0f62.css]
